#
# There is insufficient memory for the Java Runtime Environment to continue.
# Native memory allocation (mmap) failed to map 109051904 bytes for G1 virtual space
# Possible reasons:
#   The system is out of physical RAM or swap space
#   The process is running with CompressedOops enabled, and the Java Heap may be blocking the growth of the native heap
# Possible solutions:
#   Reduce memory load on the system
#   Increase physical memory or swap space
#   Check if swap backing store is full
#   Decrease Java heap size (-Xmx/-Xms)
#   Decrease number of Java threads
#   Decrease Java thread stack sizes (-Xss)
#   Set larger code cache with -XX:ReservedCodeCacheSize=
#   JVM is running with Unscaled Compressed Oops mode in which the Java heap is
#     placed in the first 4GB address space. The Java Heap base address is the
#     maximum limit for the native heap growth. Please use -XX:HeapBaseMinAddress
#     to set the Java Heap base and to place the Java Heap above 4GB virtual address.
# This output file may be truncated or incomplete.
#
#  Out of Memory Error (os_windows.cpp:3548), pid=13740, tid=1896
#
# JRE version:  (17.0.12+8) (build )
# Java VM: Java HotSpot(TM) 64-Bit Server VM (17.0.12+8-LTS-286, mixed mode, sharing, tiered, compressed oops, compressed class ptrs, g1 gc, windows-amd64)
# No core dump will be written. Minidumps are not enabled by default on client versions of Windows
#

---------------  S U M M A R Y ------------

Command Line: -Dfile.encoding=UTF-8 --module-path=C:\Users\ADMIN\OneDrive\Documents\NetBeansProjects\Hotel management system\build\classes hotel.management.system.AddEmployee

Host: Intel(R) Core(TM) i5-6198DU CPU @ 2.30GHz, 4 cores, 6G,  Windows 10 , 64 bit Build 19041 (10.0.19041.4597)
Time: Thu Jul 25 15:57:48 2024 India Standard Time elapsed time: 0.017533 seconds (0d 0h 0m 0s)

---------------  T H R E A D  ---------------

Current thread (0x000001e6ffad2db0):  JavaThread "Unknown thread" [_thread_in_vm, id=1896, stack(0x000000a791f00000,0x000000a792000000)]

Stack: [0x000000a791f00000,0x000000a792000000]
Native frames: (J=compiled Java code, j=interpreted, Vv=VM code, C=native code)
V  [jvm.dll+0x67a04a]
V  [jvm.dll+0x7da4ed]
V  [jvm.dll+0x7dbe33]
V  [jvm.dll+0x7dc4a3]
V  [jvm.dll+0x24508f]
V  [jvm.dll+0x677089]
V  [jvm.dll+0x66bd32]
V  [jvm.dll+0x301fa6]
V  [jvm.dll+0x309546]
V  [jvm.dll+0x359d2e]
V  [jvm.dll+0x359f5f]
V  [jvm.dll+0x2d9078]
V  [jvm.dll+0x2d9fe4]
V  [jvm.dll+0x7aca21]
V  [jvm.dll+0x367591]
V  [jvm.dll+0x78b999]
V  [jvm.dll+0x3ec83f]
V  [jvm.dll+0x3ee471]
C  [jli.dll+0x5297]
C  [ucrtbase.dll+0x21bb2]
C  [KERNEL32.DLL+0x17374]
C  [ntdll.dll+0x4cc91]


---------------  P R O C E S S  ---------------

Threads class SMR info:
_java_thread_list=0x00007ffae52a7a18, length=0, elements={
}

Java Threads: ( => current thread )

Other Threads:
  0x000001e6ffb21d90 GCTaskThread "GC Thread#0" [stack: 0x000000a792000000,0x000000a792100000] [id=17492]
  0x000001e6ffb30900 ConcurrentGCThread "G1 Main Marker" [stack: 0x000000a792100000,0x000000a792200000] [id=19540]
  0x000001e6ffb319c0 ConcurrentGCThread "G1 Conc#0" [stack: 0x000000a792200000,0x000000a792300000] [id=20456]

[error occurred during error reporting (printing all threads), id 0xc0000005, EXCEPTION_ACCESS_VIOLATION (0xc0000005) at pc=0x00007ffae4ad9b67]

VM state: not at safepoint (not fully initialized)

VM Mutex/Monitor currently owned by a thread:  ([mutex/lock_event])
[0x000001e6ffacdeb0] Heap_lock - owner thread: 0x000001e6ffad2db0

Heap address: 0x0000000099800000, size: 1640 MB, Compressed Oops mode: 32-bit

CDS archive(s) mapped at: [0x0000000000000000-0x0000000000000000-0x0000000000000000), size 0, SharedBaseAddress: 0x0000000800000000, ArchiveRelocationMode: 1.
Narrow klass base: 0x0000000000000000, Narrow klass shift: 0, Narrow klass range: 0x0

GC Precious Log:
<Empty>

Heap:
 garbage-first heap   total 0K, used 0K [0x0000000099800000, 0x0000000100000000)
  region size 1024K, 0 young (0K), 0 survivors (0K)

[error occurred during error reporting (printing heap information), id 0xc0000005, EXCEPTION_ACCESS_VIOLATION (0xc0000005) at pc=0x00007ffae4ec3859]

GC Heap History (0 events):
No events

Deoptimization events (0 events):
No events

Classes unloaded (0 events):
No events

Classes redefined (0 events):
No events

Internal exceptions (0 events):
No events

VM Operations (0 events):
No events

Events (1 events):
Event: 0.012 Loaded shared library C:\Program Files\Java\jdk-17\bin\java.dll


Dynamic libraries:
0x00007ff6e5a00000 - 0x00007ff6e5a10000 	C:\Program Files\Java\jdk-17\bin\java.exe
0x00007ffb58670000 - 0x00007ffb58868000 	C:\Windows\SYSTEM32\ntdll.dll
0x00007ffb56d60000 - 0x00007ffb56e21000 	C:\Windows\System32\KERNEL32.DLL
0x00007ffb55d20000 - 0x00007ffb56016000 	C:\Windows\System32\KERNELBASE.dll
0x00007ffb56340000 - 0x00007ffb56440000 	C:\Windows\System32\ucrtbase.dll
0x00007ffb07190000 - 0x00007ffb071ab000 	C:\Program Files\Java\jdk-17\bin\VCRUNTIME140.dll
0x00007ffb4d8f0000 - 0x00007ffb4d909000 	C:\Program Files\Java\jdk-17\bin\jli.dll
0x00007ffb568e0000 - 0x00007ffb56990000 	C:\Windows\System32\ADVAPI32.dll
0x00007ffb56840000 - 0x00007ffb568de000 	C:\Windows\System32\msvcrt.dll
0x00007ffb58590000 - 0x00007ffb58630000 	C:\Windows\System32\sechost.dll
0x00007ffb56e30000 - 0x00007ffb56f53000 	C:\Windows\System32\RPCRT4.dll
0x00007ffb56240000 - 0x00007ffb56267000 	C:\Windows\System32\bcrypt.dll
0x00007ffb56f60000 - 0x00007ffb570ff000 	C:\Windows\System32\USER32.dll
0x00007ffb56270000 - 0x00007ffb56292000 	C:\Windows\System32\win32u.dll
0x00007ffb56b00000 - 0x00007ffb56b2b000 	C:\Windows\System32\GDI32.dll
0x00007ffb56580000 - 0x00007ffb56697000 	C:\Windows\System32\gdi32full.dll
0x00007ffb562a0000 - 0x00007ffb5633d000 	C:\Windows\System32\msvcp_win.dll
0x00007ffb40d00000 - 0x00007ffb40f9a000 	C:\Windows\WinSxS\amd64_microsoft.windows.common-controls_6595b64144ccf1df_6.0.19041.4355_none_60b8b9eb71f62e16\COMCTL32.dll
0x00007ffb521f0000 - 0x00007ffb521fa000 	C:\Windows\SYSTEM32\VERSION.dll
0x00007ffb56c10000 - 0x00007ffb56c3f000 	C:\Windows\System32\IMM32.DLL
0x00007ffb0d920000 - 0x00007ffb0d92c000 	C:\Program Files\Java\jdk-17\bin\vcruntime140_1.dll
0x00007ffae6730000 - 0x00007ffae67be000 	C:\Program Files\Java\jdk-17\bin\msvcp140.dll
0x00007ffae47f0000 - 0x00007ffae53d0000 	C:\Program Files\Java\jdk-17\bin\server\jvm.dll
0x00007ffb57b70000 - 0x00007ffb57b78000 	C:\Windows\System32\PSAPI.DLL
0x00007ffb49ce0000 - 0x00007ffb49ce9000 	C:\Windows\SYSTEM32\WSOCK32.dll
0x00007ffb567d0000 - 0x00007ffb5683b000 	C:\Windows\System32\WS2_32.dll
0x00007ffb42b00000 - 0x00007ffb42b27000 	C:\Windows\SYSTEM32\WINMM.dll
0x00007ffb54530000 - 0x00007ffb54542000 	C:\Windows\SYSTEM32\kernel.appcore.dll
0x00007ffb04640000 - 0x00007ffb0464a000 	C:\Program Files\Java\jdk-17\bin\jimage.dll
0x00007ffb53a50000 - 0x00007ffb53c34000 	C:\Windows\SYSTEM32\DBGHELP.DLL
0x00007ffb43cf0000 - 0x00007ffb43d24000 	C:\Windows\SYSTEM32\dbgcore.DLL
0x00007ffb564f0000 - 0x00007ffb56572000 	C:\Windows\System32\bcryptPrimitives.dll
0x00007ffb04650000 - 0x00007ffb04675000 	C:\Program Files\Java\jdk-17\bin\java.dll

dbghelp: loaded successfully - version: 4.0.5 - missing functions: none
symbol engine: initialized successfully - sym options: 0x614 - pdb path: .;C:\Program Files\Java\jdk-17\bin;C:\Windows\SYSTEM32;C:\Windows\WinSxS\amd64_microsoft.windows.common-controls_6595b64144ccf1df_6.0.19041.4355_none_60b8b9eb71f62e16;C:\Program Files\Java\jdk-17\bin\server

VM Arguments:
jvm_args: -Dfile.encoding=UTF-8 --module-path=C:\Users\ADMIN\OneDrive\Documents\NetBeansProjects\Hotel management system\build\classes 
java_command: hotel.management.system.AddEmployee
java_class_path (initial): F:\mysql-connector-java-8.0.28.jar;C:\Users\ADMIN\OneDrive\Documents\NetBeansProjects\Hotel management system\build\classes
Launcher Type: SUN_STANDARD

[Global flags]
     intx CICompilerCount                          = 3                                         {product} {ergonomic}
     uint ConcGCThreads                            = 1                                         {product} {ergonomic}
     uint G1ConcRefinementThreads                  = 4                                         {product} {ergonomic}
   size_t G1HeapRegionSize                         = 1048576                                   {product} {ergonomic}
    uintx GCDrainStackTargetSize                   = 64                                        {product} {ergonomic}
   size_t InitialHeapSize                          = 109051904                                 {product} {ergonomic}
   size_t MarkStackSize                            = 4194304                                   {product} {ergonomic}
   size_t MaxHeapSize                              = 1719664640                                {product} {ergonomic}
   size_t MinHeapDeltaBytes                        = 1048576                                   {product} {ergonomic}
   size_t MinHeapSize                              = 8388608                                   {product} {ergonomic}
    uintx NonNMethodCodeHeapSize                   = 5832780                                {pd product} {ergonomic}
    uintx NonProfiledCodeHeapSize                  = 122912730                              {pd product} {ergonomic}
    uintx ProfiledCodeHeapSize                     = 122912730                              {pd product} {ergonomic}
    uintx ReservedCodeCacheSize                    = 251658240                              {pd product} {ergonomic}
     bool SegmentedCodeCache                       = true                                      {product} {ergonomic}
   size_t SoftMaxHeapSize                          = 1719664640                             {manageable} {ergonomic}
     bool UseCompressedClassPointers               = true                           {product lp64_product} {ergonomic}
     bool UseCompressedOops                        = true                           {product lp64_product} {ergonomic}
     bool UseG1GC                                  = true                                      {product} {ergonomic}
     bool UseLargePagesIndividualAllocation        = false                                  {pd product} {ergonomic}

Logging:
Log output configuration:
 #0: stdout all=warning uptime,level,tags
 #1: stderr all=off uptime,level,tags

Environment Variables:
JAVA_HOME=C:\Program Files\Java\jdk-17
CLASSPATH=C:\mysql-connector-j-8.4.0.jar;.;
PATH=C:\Program Files\Common Files\Oracle\Java\javapath;C:\Program Files (x86)\Common Files\Oracle\Java\java8path;C:\Program Files (x86)\Common Files\Oracle\Java\javapath;C:\Windows\system32;C:\Windows;C:\Windows\System32\Wbem;C:\Windows\System32\WindowsPowerShell\v1.0\;C:\Windows\System32\OpenSSH\;C:\Program Files\Microsoft SQL Server\150\Tools\Binn\;E:\SIGMA WEB DEVELOPMENT COURSE\;C:\Program Files\Git\cmd;C:\Program Files\Java\jdk-17\bin;C:\Users\ADMIN\AppData\Local\Microsoft\WindowsApps;C:\Users\ADMIN\AppData\Local\Programs\Microsoft VS Code\bin;%IntelliJ IDEA%;C:\Program Files\Java\jdk-21\bin;C:\Users\ADMIN\AppData\Roaming\npm;C:\Users\ADMIN\AppData\Local\Programs\mongosh\;C:\Program Files\MongoDB\Server\7.0\bin;
USERNAME=ADMIN
OS=Windows_NT
PROCESSOR_IDENTIFIER=Intel64 Family 6 Model 78 Stepping 3, GenuineIntel



---------------  S Y S T E M  ---------------

OS:
 Windows 10 , 64 bit Build 19041 (10.0.19041.4597)
OS uptime: 0 days 5:17 hours

CPU: total 4 (initial active 4) (2 cores per cpu, 2 threads per core) family 6 model 78 stepping 3 microcode 0xcc, cx8, cmov, fxsr, ht, mmx, 3dnowpref, sse, sse2, sse3, ssse3, sse4.1, sse4.2, popcnt, lzcnt, tsc, tscinvbit, avx, avx2, aes, erms, clmul, bmi1, bmi2, adx, fma, vzeroupper, clflush, clflushopt

Memory: 4k page, system-wide physical 6553M (525M free)
TotalPageFile size 20649M (AvailPageFile size 58M)
current process WorkingSet (physical memory assigned to process): 10M, peak: 10M
current process commit charge ("private bytes"): 51M, peak: 155M

vm_info: Java HotSpot(TM) 64-Bit Server VM (17.0.12+8-LTS-286) for windows-amd64 JRE (17.0.12+8-LTS-286), built on Jun  5 2024 06:46:59 by "mach5one" with MS VC++ 17.6 (VS2022)

END.
